2025-05-24 19:45:17,392 - semgrep.notifications - WARNING - METRICS: Using configs from the Registry (like --config=p/ci) reports pseudonymous rule metrics to semgrep.dev.
To disable Registry rule metrics, use "--metrics=off".
Using configs only from local files (like --config=xyz.yml) does not enable metrics.

More information: https://semgrep.dev/docs/metrics

2025-05-24 19:45:17,393 - semgrep.run_scan - DEBUG - semgrep version 1.2.0
2025-05-24 19:45:17,399 - semgrep.git - DEBUG - Failed to get project url from 'git ls-remote': Command failed with exit code: 128
-----
Command failed with output:
fatal: No remote configured to list refs from.


Failed to run 'git ls-remote --get-url'. Possible reasons:

- the git binary is not available
- the current working directory is not a git repository
- the baseline commit is not a parent of the current commit
    (if you are running through semgrep-app, check if you are setting `SEMGREP_BRANCH` or `SEMGREP_BASELINE_COMMIT` properly)
- the current working directory is not marked as safe
    (fix with `git config --global --add safe.directory $(pwd)`)

Try running the command yourself to debug the issue.
2025-05-24 19:45:17,400 - semgrep.config_resolver - DEBUG - Loading local config from /home/runner/workspace/.config/.semgrep/semgrep_rules.json
2025-05-24 19:45:17,403 - semgrep.config_resolver - DEBUG - Done loading local config from /home/runner/workspace/.config/.semgrep/semgrep_rules.json
2025-05-24 19:45:17,408 - semgrep.config_resolver - DEBUG - Saving rules to /tmp/semgrep-m8angm_t.rules
2025-05-24 19:45:17,626 - semgrep.semgrep_core - DEBUG - Failed to open resource semgrep-core-proprietary: [Errno 2] No such file or directory: '/tmp/_MEIwKMngg/semgrep/bin/semgrep-core-proprietary'.
2025-05-24 19:45:18,221 - semgrep.rule_lang - DEBUG - semgrep-core validation response: valid=True
2025-05-24 19:45:18,222 - semgrep.rule_lang - DEBUG - semgrep-core validation succeeded
2025-05-24 19:45:18,222 - semgrep.rule_lang - DEBUG - RPC validation succeeded
2025-05-24 19:45:18,222 - semgrep.config_resolver - DEBUG - loaded 1 configs in 0.8223528861999512
2025-05-24 19:45:18,291 - semgrep.run_scan - VERBOSE - running 711 rules from 1 config /home/runner/workspace/.config/.semgrep/semgrep_rules.json_0
2025-05-24 19:45:18,291 - semgrep.run_scan - VERBOSE - No .semgrepignore found. Using default .semgrepignore rules. See the docs for the list of default ignores: https://semgrep.dev/docs/cli-usage/#ignore-files
2025-05-24 19:45:18,293 - semgrep.run_scan - VERBOSE - Rules:
2025-05-24 19:45:18,293 - semgrep.run_scan - VERBOSE - <SKIPPED DATA (too many entries; use --max-log-list-entries)>
2025-05-24 19:45:18,720 - semgrep.core_runner - DEBUG - Passing whole rules directly to semgrep_core
2025-05-24 19:45:18,901 - semgrep.core_runner - DEBUG - Running Semgrep engine with command:
2025-05-24 19:45:18,901 - semgrep.core_runner - DEBUG - /tmp/_MEIwKMngg/semgrep/bin/opengrep-core -json -rules /tmp/tmp6za7fe5z.json -j 8 -targets /tmp/tmpl3iycllm -timeout 5 -timeout_threshold 3 -max_memory 0 -fast
2025-05-24 19:45:22,793 - semgrep.core_runner - DEBUG - --- semgrep-core stderr ---
[00.07][[34mINFO[0m]: Executed as: /tmp/_MEIwKMngg/semgrep/bin/opengrep-core -json -rules /tmp/tmp6za7fe5z.json -j 8 -targets /tmp/tmpl3iycllm -timeout 5 -timeout_threshold 3 -max_memory 0 -fast
[00.07][[34mINFO[0m]: Version: 1.2.0
[00.07][[34mINFO[0m]: Parsing rules in /tmp/tmp6za7fe5z.json
[00.55][[34mINFO[0m]: scan: processing 253 files (skipping 0), with 454 rules (skipping 0 )
[02.39][[33mWARNING[0m]: Fixpoint timeout while performing taint analysis [rule: config..semgrep.vendored-rules.javascript.express.security.injection.raw-html-format file: server/routes.ts func: registerRoutes:6106]
[0m[02.54][[33mWARNING[0m]: Fixpoint timeout while performing taint analysis [rule: config..semgrep.vendored-rules.javascript.express.security.audit.xss.direct-response-write file: server/routes.ts func: registerRoutes:6106]
[0m[02.68][[33mWARNING[0m]: Fixpoint timeout while performing taint analysis [rule: config..semgrep.vendored-rules.javascript.express.security.express-wkhtmltoimage-injection file: server/routes.ts func: registerRoutes:6106]
[0m[02.76][[33mWARNING[0m]: Fixpoint timeout while performing taint analysis [rule: config..semgrep.vendored-rules.javascript.express.security.x-frame-options-misconfiguration file: server/routes.ts func: registerRoutes:6106]
[0m[02.83][[33mWARNING[0m]: Fixpoint timeout while performing taint analysis [rule: config..semgrep.vendored-rules.javascript.express.security.require-request file: server/routes.ts func: registerRoutes:6106]
[0m[02.89][[33mWARNING[0m]: Fixpoint timeout while performing taint analysis [rule: config..semgrep.vendored-rules.javascript.express.security.cors-misconfiguration file: server/routes.ts func: registerRoutes:6106]
[0m[03.84][[34mINFO[0m]: Custom ignore pattern: None
[03.84][[34mINFO[0m]: Custom ignore pattern: None
--- end semgrep-core stderr ---
2025-05-24 19:45:22,799 - semgrep.rule_match - DEBUG - match_key = ('', PosixPath('client/index.html'), 'config..semgrep.vendored-rules.html.security.audit.missing-integrity') match_id = 0ee74fd49637bebe183eca7188dbde26e386314e62cc2e7ba1ee60b377b638243fcd84e6c6fa04886198ccacfa6a711bfbcc61a28f9ddc913d5b3c53083cbc90_0
2025-05-24 19:45:22,800 - semgrep.rule_match - DEBUG - match_key = (' type="text/javascript" src="https://replit.com/public/js/replit-dev-banner.js" (?is).*integrity= (google-analytics\\.com|fonts\\.googleapis\\.com|fonts\\.gstatic\\.com|googletagmanager\\.com) .*rel\\s*=\\s*[\'"]?preconnect.* href="... :// ..." href="//..." href=\'... :// ...\' href=\'//...\' src="... :// ..." src="//..." src=\'... :// ...\' src=\'//...\' <link  type="text/javascript" src="https://replit.com/public/js/replit-dev-banner.js" > <script  type="text/javascript" src="https://replit.com/public/js/replit-dev-banner.js" >...</script>', PosixPath('client/index.html'), 'config..semgrep.vendored-rules.html.security.audit.missing-integrity') match_id = 0728b64e224596592d04447ba8a642ff94e1fb9fcc07be26d49dc7e7f6898e638ad16ffcaca086932c58f4c6400fe32603323afef02cf9bfebcb0e4a53562a40_0
2025-05-24 19:45:22,800 - semgrep.rule_match - DEBUG - match_key = (' type="text/javascript" src="https://replit.com/public/js/replit-dev-banner.js" (?is).*integrity= (google-analytics\\.com|fonts\\.googleapis\\.com|fonts\\.gstatic\\.com|googletagmanager\\.com) .*rel\\s*=\\s*[\'"]?preconnect.* href="... :// ..." href="//..." href=\'... :// ...\' href=\'//...\' src="... :// ..." src="//..." src=\'... :// ...\' src=\'//...\' <link  type="text/javascript" src="https://replit.com/public/js/replit-dev-banner.js" > <script  type="text/javascript" src="https://replit.com/public/js/replit-dev-banner.js" >...</script>', PosixPath('client/index.html'), 'config..semgrep.vendored-rules.html.security.audit.missing-integrity') match_id = 0728b64e224596592d04447ba8a642ff94e1fb9fcc07be26d49dc7e7f6898e638ad16ffcaca086932c58f4c6400fe32603323afef02cf9bfebcb0e4a53562a40_0
2025-05-24 19:45:22,801 - semgrep.rule_match - DEBUG - match_key = (' type="text/javascript" src="https://replit.com/public/js/replit-dev-banner.js" (?is).*integrity= (google-analytics\\.com|fonts\\.googleapis\\.com|fonts\\.gstatic\\.com|googletagmanager\\.com) .*rel\\s*=\\s*[\'"]?preconnect.* href="... :// ..." href="//..." href=\'... :// ...\' href=\'//...\' src="... :// ..." src="//..." src=\'... :// ...\' src=\'//...\' <link  type="text/javascript" src="https://replit.com/public/js/replit-dev-banner.js" > <script  type="text/javascript" src="https://replit.com/public/js/replit-dev-banner.js" >...</script>', PosixPath('client/index.html'), 'config..semgrep.vendored-rules.html.security.audit.missing-integrity') match_id = 0728b64e224596592d04447ba8a642ff94e1fb9fcc07be26d49dc7e7f6898e638ad16ffcaca086932c58f4c6400fe32603323afef02cf9bfebcb0e4a53562a40_0
2025-05-24 19:45:22,802 - semgrep.rule_match - DEBUG - match_key = ('', PosixPath('client/src/components/floating-export.tsx'), 'config..semgrep.vendored-rules.javascript.lang.security.html-in-template-string') match_id = be7014e81e402691974b178c50679b68fe7fa0d7c8d3c3ca595a59562d6fd6db0a926607da36f603bdc925f7a1c4db28155e230b1b5b673a90c879e1d4541a15_0
2025-05-24 19:45:22,802 - semgrep.rule_match - DEBUG - match_key = ('</p>\n                        </div>\n                     .*</?[a-zA-Z] `</p>\n                        </div>\n                    ${feature.description}...`\n `...${feature.description}</p>\n                        </div>\n                    `\n', PosixPath('client/src/components/floating-export.tsx'), 'config..semgrep.vendored-rules.javascript.lang.security.html-in-template-string') match_id = e1946e9a11cff92f2e140da702c2b0e1a489730dc41f72b9220aa1446fddfefbcaed8f2c7c0efea3a29189efbb2ab37e9c409038713efc25b92638d147fe73c2_0
2025-05-24 19:45:22,803 - semgrep.rule_match - DEBUG - match_key = ('</p>\n                        </div>\n                     .*</?[a-zA-Z] `</p>\n                        </div>\n                    ${feature.description}...`\n `...${feature.description}</p>\n                        </div>\n                    `\n', PosixPath('client/src/components/floating-export.tsx'), 'config..semgrep.vendored-rules.javascript.lang.security.html-in-template-string') match_id = e1946e9a11cff92f2e140da702c2b0e1a489730dc41f72b9220aa1446fddfefbcaed8f2c7c0efea3a29189efbb2ab37e9c409038713efc25b92638d147fe73c2_0
2025-05-24 19:45:22,804 - semgrep.rule_match - DEBUG - match_key = ('</p>\n                        </div>\n                     .*</?[a-zA-Z] `</p>\n                        </div>\n                    ${feature.description}...`\n `...${feature.description}</p>\n                        </div>\n                    `\n', PosixPath('client/src/components/floating-export.tsx'), 'config..semgrep.vendored-rules.javascript.lang.security.html-in-template-string') match_id = e1946e9a11cff92f2e140da702c2b0e1a489730dc41f72b9220aa1446fddfefbcaed8f2c7c0efea3a29189efbb2ab37e9c409038713efc25b92638d147fe73c2_0
2025-05-24 19:45:22,805 - semgrep.rule_match - DEBUG - match_key = ('', PosixPath('server/routes.ts'), 'config..semgrep.vendored-rules.generic.secrets.security.detected-google-api-key') match_id = 7d0ae2925a2de29a901f4198a7d00936f312ec8802ec8f7ccae016a1b5934f99f0920f2f28aff9ab2d91d52b3b285c4b8db14af80a6c58df96435f6f721dbc00_0
2025-05-24 19:45:22,805 - semgrep.rule_match - DEBUG - match_key = ('\\bAIzaSy[0-9A-Za-z-_]{33}\\b \\bAIzaSy[0-9A-Za-z-_]{33}\\b[=]', PosixPath('server/routes.ts'), 'config..semgrep.vendored-rules.generic.secrets.security.detected-google-api-key') match_id = 34db32b38388b6590c76a86947dd90f7763da1f0b308794193f0d49f2cd14457de8f4d79fc95195eed3ed4b5eec34bbaa7305bcf2c5353564cc1d99c0ae6d222_0
2025-05-24 19:45:22,806 - semgrep.rule_match - DEBUG - match_key = ('\\bAIzaSy[0-9A-Za-z-_]{33}\\b \\bAIzaSy[0-9A-Za-z-_]{33}\\b[=]', PosixPath('server/routes.ts'), 'config..semgrep.vendored-rules.generic.secrets.security.detected-google-api-key') match_id = 34db32b38388b6590c76a86947dd90f7763da1f0b308794193f0d49f2cd14457de8f4d79fc95195eed3ed4b5eec34bbaa7305bcf2c5353564cc1d99c0ae6d222_0
2025-05-24 19:45:22,807 - semgrep.rule_match - DEBUG - match_key = ('\\bAIzaSy[0-9A-Za-z-_]{33}\\b \\bAIzaSy[0-9A-Za-z-_]{33}\\b[=]', PosixPath('server/routes.ts'), 'config..semgrep.vendored-rules.generic.secrets.security.detected-google-api-key') match_id = 34db32b38388b6590c76a86947dd90f7763da1f0b308794193f0d49f2cd14457de8f4d79fc95195eed3ed4b5eec34bbaa7305bcf2c5353564cc1d99c0ae6d222_0
2025-05-24 19:45:22,808 - semgrep.rule_match - DEBUG - match_key = ('', PosixPath('server/routes.ts'), 'config..semgrep.vendored-rules.javascript.express.security.injection.tainted-sql-string') match_id = 04ab6991cce9b4c6c73652b4093c6c441c15456a173d195799c75d6c45bcbc40b3b697fd02f371033dd8be67240de004fb20650349c03afa4954aa39d55544b3_0
2025-05-24 19:45:22,809 - semgrep.rule_match - DEBUG - match_key = ('"Create landing page copy for this startup idea: " + idea\n "Create landing page copy for this startup idea: ".concat(idea)\n `Create landing page copy for this startup idea: ${idea}...`\n util.format(Create landing page copy for this startup idea: , idea) Create landing page copy for this startup idea:  .*\\b(?i)(select|delete|insert|create|update\\s+.+\\sset|alter|drop)\\b.* idea req (...,{ req }: ideaESS.Request,...) => {...}\n (...,{ req }: Request,...) => {...}\n body cookies headers params query req.body req.cookies req.headers req.params req.query function ... (...,req, ...) {...}', PosixPath('server/routes.ts'), 'config..semgrep.vendored-rules.javascript.express.security.injection.tainted-sql-string') match_id = abe3eaee478c25d8303beed0a9fd768fd854ec4bcaeeb7de1933858d4dece8c5be845c8d4771da427d589d4ed73bc8ee5c65d570d9be2705e67494a37fb7a5cc_0
2025-05-24 19:45:22,809 - semgrep.rule_match - DEBUG - match_key = ('"Create landing page copy for this startup idea: " + idea\n "Create landing page copy for this startup idea: ".concat(idea)\n `Create landing page copy for this startup idea: ${idea}...`\n util.format(Create landing page copy for this startup idea: , idea) Create landing page copy for this startup idea:  .*\\b(?i)(select|delete|insert|create|update\\s+.+\\sset|alter|drop)\\b.* idea req (...,{ req }: ideaESS.Request,...) => {...}\n (...,{ req }: Request,...) => {...}\n body cookies headers params query req.body req.cookies req.headers req.params req.query function ... (...,req, ...) {...}', PosixPath('server/routes.ts'), 'config..semgrep.vendored-rules.javascript.express.security.injection.tainted-sql-string') match_id = abe3eaee478c25d8303beed0a9fd768fd854ec4bcaeeb7de1933858d4dece8c5be845c8d4771da427d589d4ed73bc8ee5c65d570d9be2705e67494a37fb7a5cc_0
2025-05-24 19:45:22,810 - semgrep.rule_match - DEBUG - match_key = ('"Create landing page copy for this startup idea: " + idea\n "Create landing page copy for this startup idea: ".concat(idea)\n `Create landing page copy for this startup idea: ${idea}...`\n util.format(Create landing page copy for this startup idea: , idea) Create landing page copy for this startup idea:  .*\\b(?i)(select|delete|insert|create|update\\s+.+\\sset|alter|drop)\\b.* idea req (...,{ req }: ideaESS.Request,...) => {...}\n (...,{ req }: Request,...) => {...}\n body cookies headers params query req.body req.cookies req.headers req.params req.query function ... (...,req, ...) {...}', PosixPath('server/routes.ts'), 'config..semgrep.vendored-rules.javascript.express.security.injection.tainted-sql-string') match_id = abe3eaee478c25d8303beed0a9fd768fd854ec4bcaeeb7de1933858d4dece8c5be845c8d4771da427d589d4ed73bc8ee5c65d570d9be2705e67494a37fb7a5cc_0
2025-05-24 19:45:22,812 - semgrep.core_runner - DEBUG - semgrep ran in 0:00:04.092633 on 86 files
2025-05-24 19:45:22,814 - semgrep.core_runner - DEBUG - findings summary: 2 warning, 2 error, 0 info
2025-05-24 19:45:22,820 - semgrep.app.auth - DEBUG - Getting API token from settings file
2025-05-24 19:45:22,820 - semgrep.app.auth - DEBUG - No API token found in settings file
2025-05-24 19:45:22,821 - semgrep.semgrep_core - DEBUG - Failed to open resource semgrep-core-proprietary: [Errno 2] No such file or directory: '/tmp/_MEIwKMngg/semgrep/bin/semgrep-core-proprietary'.
2025-05-24 19:45:22,972 - semgrep.output - VERBOSE - 
========================================
Files skipped:
========================================

  Always skipped by Opengrep:

   • <none>

  Skipped by .gitignore:
  (Disable by passing --no-git-ignore)

   • <all files not listed by `git ls-files` were skipped>

  Skipped by .semgrepignore:
  - https://semgrep.dev/docs/ignoring-files-folders-code/#understand-semgrep-defaults

   • <none>

  Skipped by --include patterns:

   • <none>

  Skipped by --exclude patterns:

   • <none>

  Files skipped due to insufficient read permissions:

   • <none>

  Skipped by limiting to files smaller than 1000000 bytes:
  (Adjust with the --max-target-bytes flag)

   • <none>

  Partially analyzed due to parsing or internal Opengrep errors

   • tailwind.config.ts (1 lines skipped)

2025-05-24 19:45:22,973 - semgrep.output - INFO - Some files were skipped or only partially analyzed.
  Scan was limited to files tracked by git.
  Partially scanned: 1 files only partially analyzed due to parsing or internal Opengrep errors

Ran 435 rules on 86 files: 4 findings.
2025-05-24 19:45:22,973 - semgrep.app.version - DEBUG - Version cache does not exist
2025-05-24 19:45:22,989 - semgrep.metrics - VERBOSE - Not sending pseudonymous metrics since metrics are configured to OFF and registry usage is False
